<?xml version="1.0" encoding="UTF-8"?>
<!-- Generated by org.testng.reporters.JUnitXMLReporter -->
<testsuite ignored="3" hostname="LAPTOP-GF6P7NTR" failures="0" tests="3" name="Test" time="0.052" errors="0" timestamp="2022-06-23T08:18:44 IST">
  <testcase classname="testNGConcepts.Test1" name="method2" time="0.005"/>
  <testcase classname="testNGConcepts.Test1" name="method5" time="0.002"/>
  <testcase classname="testNGConcepts.Test1" name="method1" time="0.001"/>
  <testcase classname="testNGConcepts.Test1" name="method3" time="0.0">
    <ignored/>
  </testcase> <!-- method3 -->
  <testcase classname="testNGConcepts.Test1" name="method4" time="0.0">
    <ignored/>
  </testcase> <!-- method4 -->
  <testcase classname="testNGConcepts.Test1" name="method6" time="0.0">
    <ignored/>
  </testcase> <!-- method6 -->
</testsuite> <!-- Test -->
